07:34:04.478 [main] INFO  stepDefinition.steps - Clicked my account
07:34:05.047 [main] INFO  stepDefinition.steps - Clicked Login
07:34:05.650 [main] INFO  stepDefinition.steps - Login Clicked
07:34:15.665 [main] INFO  stepDefinition.steps - Login unsuccessful
07:43:55.458 [main] INFO  stepDefinition.steps - Clicked my account
07:43:56.023 [main] INFO  stepDefinition.steps - Clicked Login
07:43:56.537 [main] INFO  stepDefinition.steps - Login Clicked
07:44:06.601 [main] INFO  stepDefinition.steps - Login unsuccessful
07:48:29.976 [main] INFO  stepDefinition.steps - Clicked my account
07:48:30.522 [main] INFO  stepDefinition.steps - Clicked Login
07:48:31.092 [main] INFO  stepDefinition.steps - Login Clicked
07:48:41.149 [main] INFO  stepDefinition.steps - Login unsuccessful
07:51:17.589 [main] INFO  stepDefinition.steps - Clicked my account
07:51:18.137 [main] INFO  stepDefinition.steps - Clicked Login
07:51:18.826 [main] INFO  stepDefinition.steps - Login Clicked
07:51:18.857 [main] INFO  stepDefinition.steps - Login successful
08:04:26.451 [main] INFO  stepDefinition.steps - Clicked my account
08:04:26.979 [main] INFO  stepDefinition.steps - Clicked Login
08:04:27.705 [main] INFO  stepDefinition.steps - Login Clicked
08:04:27.738 [main] INFO  stepDefinition.steps - Login successful
08:11:21.770 [main] INFO  stepDefinition.steps - Clicked my account
08:11:22.221 [main] INFO  stepDefinition.steps - Clicked Login
08:11:22.858 [main] INFO  stepDefinition.steps - Login Clicked
08:11:22.889 [main] INFO  stepDefinition.steps - Login successful
08:15:09.460 [main] INFO  stepDefinition.steps - Clicked my account
08:15:09.980 [main] INFO  stepDefinition.steps - Clicked Login
08:15:10.685 [main] INFO  stepDefinition.steps - Login Clicked
08:15:10.715 [main] INFO  stepDefinition.steps - Login successful
08:15:52.725 [main] INFO  stepDefinition.steps - Clicked my account
08:15:53.247 [main] INFO  stepDefinition.steps - Clicked Login
08:15:53.917 [main] INFO  stepDefinition.steps - Login Clicked
08:15:53.949 [main] INFO  stepDefinition.steps - Login successful
10:59:52.135 [main] INFO  stepDefinition.steps - Clicked my account
10:59:52.632 [main] INFO  stepDefinition.steps - Clicked Login
10:59:53.361 [main] INFO  stepDefinition.steps - Login Clicked
10:59:53.394 [main] INFO  stepDefinition.steps - Login successful
10:59:55.420 [main] INFO  stepDefinition.steps - Clicked my account
10:59:55.887 [main] INFO  stepDefinition.steps - Clicked Login
10:59:56.382 [main] INFO  stepDefinition.steps - Login Clicked
11:00:06.412 [main] INFO  stepDefinition.steps - Login unsuccessful
12:15:41.295 [main] INFO  stepDefinition.steps - Clicked my account
12:15:41.861 [main] INFO  stepDefinition.steps - Clicked Login
12:15:44.056 [main] INFO  stepDefinition.steps - Clicked my account
12:15:44.580 [main] INFO  stepDefinition.steps - Clicked Login
12:15:46.741 [main] INFO  stepDefinition.steps - Clicked my account
12:15:47.270 [main] INFO  stepDefinition.steps - Clicked Login
12:15:49.449 [main] INFO  stepDefinition.steps - Clicked my account
12:15:49.892 [main] INFO  stepDefinition.steps - Clicked Login
12:15:52.507 [main] INFO  stepDefinition.steps - Clicked my account
12:15:53.232 [main] INFO  stepDefinition.steps - Clicked Login
12:15:56.050 [main] INFO  stepDefinition.steps - Clicked my account
12:15:56.601 [main] INFO  stepDefinition.steps - Clicked Login
12:36:27.722 [main] INFO  stepDefinition.steps - Clicked my account
12:36:28.200 [main] INFO  stepDefinition.steps - Clicked Login
12:36:30.889 [main] INFO  stepDefinition.steps - Clicked my account
12:36:31.478 [main] INFO  stepDefinition.steps - Clicked Login
12:36:33.647 [main] INFO  stepDefinition.steps - Clicked my account
12:36:34.210 [main] INFO  stepDefinition.steps - Clicked Login
12:36:36.423 [main] INFO  stepDefinition.steps - Clicked my account
12:36:36.885 [main] INFO  stepDefinition.steps - Clicked Login
12:36:39.097 [main] INFO  stepDefinition.steps - Clicked my account
12:36:39.659 [main] INFO  stepDefinition.steps - Clicked Login
12:36:42.857 [main] INFO  stepDefinition.steps - Clicked my account
12:36:43.403 [main] INFO  stepDefinition.steps - Clicked Login
12:43:31.090 [main] INFO  stepDefinition.steps - Clicked my account
12:43:31.571 [main] INFO  stepDefinition.steps - Clicked Login
12:43:34.765 [main] INFO  stepDefinition.steps - Clicked my account
12:43:35.303 [main] INFO  stepDefinition.steps - Clicked Login
12:43:37.933 [main] INFO  stepDefinition.steps - Clicked my account
12:43:38.788 [main] INFO  stepDefinition.steps - Clicked Login
12:43:41.431 [main] INFO  stepDefinition.steps - Clicked my account
12:43:41.829 [main] INFO  stepDefinition.steps - Clicked Login
12:43:45.081 [main] INFO  stepDefinition.steps - Clicked my account
12:43:45.453 [main] INFO  stepDefinition.steps - Clicked Login
12:43:48.168 [main] INFO  stepDefinition.steps - Clicked my account
12:43:48.688 [main] INFO  stepDefinition.steps - Clicked Login
12:45:04.941 [main] INFO  stepDefinition.steps - Clicked my account
12:45:05.423 [main] INFO  stepDefinition.steps - Clicked Login
12:45:08.574 [main] INFO  stepDefinition.steps - Clicked my account
12:45:09.176 [main] INFO  stepDefinition.steps - Clicked Login
12:45:12.718 [main] INFO  stepDefinition.steps - Clicked my account
12:45:13.268 [main] INFO  stepDefinition.steps - Clicked Login
12:45:16.403 [main] INFO  stepDefinition.steps - Clicked my account
12:45:16.924 [main] INFO  stepDefinition.steps - Clicked Login
12:45:20.308 [main] INFO  stepDefinition.steps - Clicked my account
12:45:20.989 [main] INFO  stepDefinition.steps - Clicked Login
12:48:18.120 [main] INFO  stepDefinition.steps - Clicked my account
12:48:18.662 [main] INFO  stepDefinition.steps - Clicked Login
12:48:21.748 [main] INFO  stepDefinition.steps - Clicked my account
12:48:22.233 [main] INFO  stepDefinition.steps - Clicked Login
12:48:24.925 [main] INFO  stepDefinition.steps - Clicked my account
12:48:25.454 [main] INFO  stepDefinition.steps - Clicked Login
12:48:28.350 [main] INFO  stepDefinition.steps - Clicked my account
12:48:28.890 [main] INFO  stepDefinition.steps - Clicked Login
12:55:06.238 [main] INFO  stepDefinition.steps - Clicked my account
12:55:06.690 [main] INFO  stepDefinition.steps - Clicked Login
12:55:09.872 [main] INFO  stepDefinition.steps - Clicked my account
12:55:10.306 [main] INFO  stepDefinition.steps - Clicked Login
12:55:12.892 [main] INFO  stepDefinition.steps - Clicked my account
12:55:13.675 [main] INFO  stepDefinition.steps - Clicked Login
12:57:02.355 [main] INFO  stepDefinition.steps - Clicked my account
12:57:02.857 [main] INFO  stepDefinition.steps - Clicked Login
12:57:06.296 [main] INFO  stepDefinition.steps - Clicked my account
12:57:06.832 [main] INFO  stepDefinition.steps - Clicked Login
12:57:09.504 [main] INFO  stepDefinition.steps - Clicked my account
12:57:10.131 [main] INFO  stepDefinition.steps - Clicked Login
13:04:44.504 [main] INFO  stepDefinition.steps - Clicked my account
13:04:45.153 [main] INFO  stepDefinition.steps - Clicked Login
13:04:49.981 [main] INFO  stepDefinition.steps - Clicked my account
13:04:50.818 [main] INFO  stepDefinition.steps - Clicked Login
13:04:54.684 [main] INFO  stepDefinition.steps - Clicked my account
13:04:55.306 [main] INFO  stepDefinition.steps - Clicked Login
13:07:03.573 [main] INFO  stepDefinition.steps - Clicked my account
13:07:04.087 [main] INFO  stepDefinition.steps - Clicked Login
13:07:07.416 [main] INFO  stepDefinition.steps - Clicked my account
13:07:07.855 [main] INFO  stepDefinition.steps - Clicked Login
13:07:10.405 [main] INFO  stepDefinition.steps - Clicked my account
13:07:10.704 [main] INFO  stepDefinition.steps - Clicked Login
13:09:54.808 [main] INFO  stepDefinition.steps - Clicked my account
13:09:55.182 [main] INFO  stepDefinition.steps - Clicked Login
13:09:58.290 [main] INFO  stepDefinition.steps - Clicked my account
13:09:58.772 [main] INFO  stepDefinition.steps - Clicked Login
13:10:01.552 [main] INFO  stepDefinition.steps - Clicked my account
13:10:02.059 [main] INFO  stepDefinition.steps - Clicked Login
13:16:11.000 [main] INFO  stepDefinition.steps - Clicked my account
13:16:11.426 [main] INFO  stepDefinition.steps - Clicked Login
13:16:14.701 [main] INFO  stepDefinition.steps - Clicked my account
13:16:15.137 [main] INFO  stepDefinition.steps - Clicked Login
13:16:17.815 [main] INFO  stepDefinition.steps - Clicked my account
13:16:18.305 [main] INFO  stepDefinition.steps - Clicked Login
13:21:28.676 [main] INFO  stepDefinition.steps - Clicked my account
13:21:29.175 [main] INFO  stepDefinition.steps - Clicked Login
13:21:32.357 [main] INFO  stepDefinition.steps - Clicked my account
13:21:32.784 [main] INFO  stepDefinition.steps - Clicked Login
13:21:35.460 [main] INFO  stepDefinition.steps - Clicked my account
13:21:35.984 [main] INFO  stepDefinition.steps - Clicked Login
13:22:36.220 [main] INFO  stepDefinition.steps - Clicked my account
13:22:36.581 [main] INFO  stepDefinition.steps - Clicked Login
13:22:39.665 [main] INFO  stepDefinition.steps - Clicked my account
13:22:40.052 [main] INFO  stepDefinition.steps - Clicked Login
13:22:42.704 [main] INFO  stepDefinition.steps - Clicked my account
13:22:43.158 [main] INFO  stepDefinition.steps - Clicked Login
13:25:34.860 [main] INFO  stepDefinition.steps - Clicked my account
13:25:35.298 [main] INFO  stepDefinition.steps - Clicked Login
13:25:38.358 [main] INFO  stepDefinition.steps - Clicked my account
13:25:38.740 [main] INFO  stepDefinition.steps - Clicked Login
13:25:41.484 [main] INFO  stepDefinition.steps - Clicked my account
13:25:41.960 [main] INFO  stepDefinition.steps - Clicked Login
13:30:39.914 [main] INFO  stepDefinition.steps - Clicked my account
13:30:40.438 [main] INFO  stepDefinition.steps - Clicked Login
13:30:43.541 [main] INFO  stepDefinition.steps - Clicked my account
13:30:44.060 [main] INFO  stepDefinition.steps - Clicked Login
13:30:46.834 [main] INFO  stepDefinition.steps - Clicked my account
13:30:47.274 [main] INFO  stepDefinition.steps - Clicked Login
13:32:17.133 [main] INFO  stepDefinition.steps - Clicked my account
13:32:17.634 [main] INFO  stepDefinition.steps - Clicked Login
13:32:22.876 [main] INFO  stepDefinition.steps - Clicked my account
13:32:23.374 [main] INFO  stepDefinition.steps - Clicked Login
13:32:28.239 [main] INFO  stepDefinition.steps - Clicked my account
13:32:28.692 [main] INFO  stepDefinition.steps - Clicked Login
13:33:02.640 [main] INFO  stepDefinition.steps - Clicked my account
13:33:03.134 [main] INFO  stepDefinition.steps - Clicked Login
13:33:08.518 [main] INFO  stepDefinition.steps - Clicked my account
13:33:08.958 [main] INFO  stepDefinition.steps - Clicked Login
13:33:13.703 [main] INFO  stepDefinition.steps - Clicked my account
13:33:14.142 [main] INFO  stepDefinition.steps - Clicked Login
13:38:25.674 [main] INFO  stepDefinition.steps - Clicked my account
13:38:26.076 [main] INFO  stepDefinition.steps - Clicked Login
13:38:31.180 [main] INFO  stepDefinition.steps - Clicked my account
13:38:31.612 [main] INFO  stepDefinition.steps - Clicked Login
13:38:36.398 [main] INFO  stepDefinition.steps - Clicked my account
13:38:36.913 [main] INFO  stepDefinition.steps - Clicked Login
13:39:37.993 [main] INFO  stepDefinition.steps - Clicked my account
13:39:38.409 [main] INFO  stepDefinition.steps - Clicked Login
13:39:43.559 [main] INFO  stepDefinition.steps - Clicked my account
13:39:43.961 [main] INFO  stepDefinition.steps - Clicked Login
13:39:49.256 [main] INFO  stepDefinition.steps - Clicked my account
13:39:49.660 [main] INFO  stepDefinition.steps - Clicked Login
13:43:46.152 [main] INFO  stepDefinition.steps - Clicked my account
13:43:46.722 [main] INFO  stepDefinition.steps - Clicked Login
13:43:50.026 [main] INFO  stepDefinition.steps - Clicked my account
13:43:50.526 [main] INFO  stepDefinition.steps - Clicked Login
13:43:53.150 [main] INFO  stepDefinition.steps - Clicked my account
13:43:53.585 [main] INFO  stepDefinition.steps - Clicked Login
13:44:45.167 [main] INFO  stepDefinition.steps - Clicked my account
13:44:45.706 [main] INFO  stepDefinition.steps - Clicked Login
13:44:49.845 [main] INFO  stepDefinition.steps - Clicked my account
13:44:50.482 [main] INFO  stepDefinition.steps - Clicked Login
13:44:54.004 [main] INFO  stepDefinition.steps - Clicked my account
13:44:54.667 [main] INFO  stepDefinition.steps - Clicked Login
13:46:47.586 [main] INFO  stepDefinition.steps - Clicked my account
13:46:48.210 [main] INFO  stepDefinition.steps - Clicked Login
13:46:52.475 [main] INFO  stepDefinition.steps - Clicked my account
13:46:53.023 [main] INFO  stepDefinition.steps - Clicked Login
13:46:56.691 [main] INFO  stepDefinition.steps - Clicked my account
13:46:57.357 [main] INFO  stepDefinition.steps - Clicked Login
13:49:49.676 [main] INFO  stepDefinition.steps - Clicked on My Account 
13:49:50.079 [main] INFO  stepDefinition.steps - Clicked on Login 
13:49:54.081 [main] INFO  stepDefinition.steps - Clicked on My Account 
13:49:54.691 [main] INFO  stepDefinition.steps - Clicked on Login 
13:49:58.422 [main] INFO  stepDefinition.steps - Clicked on My Account 
13:49:58.971 [main] INFO  stepDefinition.steps - Clicked on Login 
13:55:42.224 [main] INFO  stepDefinition.steps - Clicked on My Account 
13:55:42.722 [main] INFO  stepDefinition.steps - Clicked on Login 
13:55:46.079 [main] INFO  stepDefinition.steps - Clicked on My Account 
13:55:46.582 [main] INFO  stepDefinition.steps - Clicked on Login 
13:55:49.656 [main] INFO  stepDefinition.steps - Clicked on My Account 
13:55:50.166 [main] INFO  stepDefinition.steps - Clicked on Login 
14:04:52.250 [main] INFO  stepDefinition.steps - Clicked on My Account 
14:04:52.580 [main] INFO  stepDefinition.steps - Clicked on Login 
14:04:55.615 [main] INFO  stepDefinition.steps - Clicked on My Account 
14:04:56.047 [main] INFO  stepDefinition.steps - Clicked on Login 
14:04:58.568 [main] INFO  stepDefinition.steps - Clicked on My Account 
14:04:58.892 [main] INFO  stepDefinition.steps - Clicked on Login 
14:06:01.164 [main] INFO  stepDefinition.steps - Clicked on My Account 
14:06:01.585 [main] INFO  stepDefinition.steps - Clicked on Login 
14:06:02.635 [main] INFO  stepDefinition.steps - boolean value false
14:06:05.125 [main] INFO  stepDefinition.steps - Clicked on My Account 
14:06:05.632 [main] INFO  stepDefinition.steps - Clicked on Login 
14:06:06.188 [main] INFO  stepDefinition.steps - boolean value false
14:06:08.186 [main] INFO  stepDefinition.steps - Clicked on My Account 
14:06:08.653 [main] INFO  stepDefinition.steps - Clicked on Login 
14:06:09.223 [main] INFO  stepDefinition.steps - boolean value false
14:09:11.077 [main] INFO  stepDefinition.steps - Clicked on My Account 
14:09:11.571 [main] INFO  stepDefinition.steps - Clicked on Login 
14:09:17.656 [main] INFO  stepDefinition.steps - boolean value false
14:09:19.804 [main] INFO  stepDefinition.steps - Clicked on My Account 
14:09:20.246 [main] INFO  stepDefinition.steps - Clicked on Login 
14:09:25.920 [main] INFO  stepDefinition.steps - boolean value false
14:09:28.211 [main] INFO  stepDefinition.steps - Clicked on My Account 
14:09:28.639 [main] INFO  stepDefinition.steps - Clicked on Login 
14:09:34.212 [main] INFO  stepDefinition.steps - boolean value false
14:18:43.846 [main] INFO  stepDefinition.steps - Clicked on My Account 
14:18:44.249 [main] INFO  stepDefinition.steps - Clicked on Login 
14:18:50.325 [main] INFO  stepDefinition.steps - boolean value false
14:18:52.545 [main] INFO  stepDefinition.steps - Clicked on My Account 
14:18:52.967 [main] INFO  stepDefinition.steps - Clicked on Login 
14:18:58.635 [main] INFO  stepDefinition.steps - boolean value false
14:19:00.817 [main] INFO  stepDefinition.steps - Clicked on My Account 
14:19:01.581 [main] INFO  stepDefinition.steps - Clicked on Login 
14:19:07.156 [main] INFO  stepDefinition.steps - boolean value false
14:19:51.921 [main] INFO  stepDefinition.steps - Clicked on My Account 
14:19:52.447 [main] INFO  stepDefinition.steps - Clicked on Login 
14:19:58.543 [main] INFO  stepDefinition.steps - boolean value false
14:22:32.784 [main] INFO  stepDefinition.steps - Clicked on My Account 
14:22:33.267 [main] INFO  stepDefinition.steps - Clicked on Login 
14:22:39.217 [main] INFO  stepDefinition.steps - boolean value false
14:22:41.503 [main] INFO  stepDefinition.steps - Clicked on My Account 
14:22:41.814 [main] INFO  stepDefinition.steps - Clicked on Login 
14:22:47.410 [main] INFO  stepDefinition.steps - boolean value false
14:22:49.796 [main] INFO  stepDefinition.steps - Clicked on My Account 
14:22:50.197 [main] INFO  stepDefinition.steps - Clicked on Login 
14:22:55.838 [main] INFO  stepDefinition.steps - boolean value false
14:25:48.962 [main] INFO  stepDefinition.steps - Clicked on My Account 
14:25:49.405 [main] INFO  stepDefinition.steps - Clicked on Login 
14:25:55.312 [main] INFO  stepDefinition.steps - boolean value false
14:25:57.493 [main] INFO  stepDefinition.steps - Clicked on My Account 
14:25:57.941 [main] INFO  stepDefinition.steps - Clicked on Login 
14:26:03.446 [main] INFO  stepDefinition.steps - boolean value false
16:10:03.808 [main] INFO  stepDefinition.steps - Clicked on My Account 
16:10:04.280 [main] INFO  stepDefinition.steps - Clicked on Login 
16:10:10.318 [main] INFO  stepDefinition.steps - boolean value false
16:10:12.741 [main] INFO  stepDefinition.steps - Clicked on My Account 
16:10:13.270 [main] INFO  stepDefinition.steps - Clicked on Login 
16:10:18.807 [main] INFO  stepDefinition.steps - boolean value false
16:18:09.800 [main] INFO  stepDefinition.steps - Clicked on My Account 
16:20:38.481 [main] INFO  stepDefinition.steps - Clicked on My Account 
16:31:43.789 [main] INFO  stepDefinition.steps - Clicked on My Account 
16:31:46.192 [main] INFO  stepDefinition.steps - Clicked on My Account 
17:30:49.503 [main] INFO  stepDefinition.steps - Clicked on My Account 
17:30:49.889 [main] INFO  stepDefinition.steps - Clicked on Login 
17:30:49.967 [main] INFO  stepDefinition.steps - Provided Email 
17:30:50.015 [main] INFO  stepDefinition.steps - Provided Password 
17:30:50.628 [main] INFO  stepDefinition.steps - Clicked on Login button
17:30:50.658 [main] INFO  stepDefinition.steps - Login Success 
